#
# A fatal error has been detected by the Java Runtime Environment:
#
#  EXCEPTION_UNCAUGHT_CXX_EXCEPTION (0xe06d7363) at pc=0x00007ffffd50cf19, pid=8788, tid=21256
#
# JRE version: OpenJDK Runtime Environment Corretto-11.0.18.10.1 (11.0.18+10) (build 11.0.18+10-LTS)
# Java VM: OpenJDK 64-Bit Server VM Corretto-11.0.18.10.1 (11.0.18+10-LTS, mixed mode, tiered, compressed oops, g1 gc, windows-amd64)
# Problematic frame:
# C  [KERNELBASE.dll+0x2cf19]
#
# No core dump will be written. Minidumps are not enabled by default on client versions of Windows
#
# If you would like to submit a bug report, please visit:
#   https://github.com/corretto/corretto-11/issues/
# The crash happened outside the Java Virtual Machine in native code.
# See problematic frame for where to report the bug.
#

---------------  S U M M A R Y ------------

Command Line: -Dfile.encoding=UTF8 -ea -Xmx1024m 

Host: Intel(R) Core(TM) i5-9400F CPU @ 2.90GHz, 6 cores, 15G,  Windows 10 , 64 bit Build 19041 (10.0.19041.3155)
Time: Mon Aug 28 17:09:36 2023 대한민국 표준시 elapsed time: 0.344420 seconds (0d 0h 0m 0s)

---------------  T H R E A D  ---------------

Current thread (0x000002bfc1dd7000):  JavaThread "main" [_thread_in_native, id=21256, stack(0x000000f193200000,0x000000f1933f0000)]

Stack: [0x000000f193200000,0x000000f1933f0000],  sp=0x000000f1933e7f50,  free space=1951k
Native frames: (J=compiled Java code, j=interpreted, Vv=VM code, C=native code)
C  [KERNELBASE.dll+0x2cf19]
C  [VCRUNTIME140.dll+0x6480]
C  0x00007fff8834bfb4
C  0x00007fff8833afcb
C  0x000002bfcf71f6d7

Java frames: (J=compiled Java code, j=interpreted, Vv=VM code)
j  org.jpype.manager.TypeFactoryNative.newWrapper(JJ)V+0
j  org.jpype.JPypeContext.newWrapper(J)V+16
v  ~StubRoutines::call_stub

siginfo: EXCEPTION_UNCAUGHT_CXX_EXCEPTION (0xe06d7363), ExceptionInformation=0x0000000019930520 0x000000f1933e81b0 0x00007fff88376e30 0x00007fff88310000 


Register to memory mapping:

RIP=0x00007ffffd50cf19 KERNELBASE.dll
RAX=0x000002bfc4881d30 points into unknown readable memory: 0x000002bfc4881db0 | b0 1d 88 c4 bf 02 00 00
RBX=0x00007fff88376e30 points into unknown readable memory: 0x000185a000000000 | 00 00 00 00 a0 85 01 00
RCX=0x0000000000000083 is an unknown value
RDX=0x0 is NULL
RSP=0x000000f1933e7f50 is pointing into the stack for thread: 0x000002bfc1dd7000
RBP=0x000000f1933e8190 is pointing into the stack for thread: 0x000002bfc1dd7000
RSI=0x000000f1933e81b0 is pointing into the stack for thread: 0x000002bfc1dd7000
RDI=0x0000000019930520 is an unknown value
R8 =0x00007fffa3b72924 python39.dll
R9 =0x0000000000000040 is an unknown value
R10=0x00007ffedfe03ee3 points into unknown readable memory: 48 81 c4 d8 00
R11=0x000002bfc3a03d18 points into unknown readable memory: 0x000002bfc426dca0 | a0 dc 26 c4 bf 02 00 00
R12=0x000002bfc3261e00 points into unknown readable memory: 0x0000000000000002 | 02 00 00 00 00 00 00 00
R13=0x000000f1933e8280 is pointing into the stack for thread: 0x000002bfc1dd7000
R14=0x000002bfad085e50 points into unknown readable memory: 0x00007fff88362468 | 68 24 36 88 ff 7f 00 00
R15=0x000002bfc54c5300 points into unknown readable memory: 0x0000000000000001 | 01 00 00 00 00 00 00 00


Registers:
RAX=0x000002bfc4881d30, RBX=0x00007fff88376e30, RCX=0x0000000000000083, RDX=0x0000000000000000
RSP=0x000000f1933e7f50, RBP=0x000000f1933e8190, RSI=0x000000f1933e81b0, RDI=0x0000000019930520
R8 =0x00007fffa3b72924, R9 =0x0000000000000040, R10=0x00007ffedfe03ee3, R11=0x000002bfc3a03d18
R12=0x000002bfc3261e00, R13=0x000000f1933e8280, R14=0x000002bfad085e50, R15=0x000002bfc54c5300
RIP=0x00007ffffd50cf19, EFLAGS=0x0000000000000206

Top of Stack: (sp=0x000000f1933e7f50)
0x000000f1933e7f50:   0000000000000000 00007fff88376e30
0x000000f1933e7f60:   000000f1933e81b0 000000f1933e8190
0x000000f1933e7f70:   00000001e06d7363 0000000000000000
0x000000f1933e7f80:   00007ffffd50cf19 0000000000000004
0x000000f1933e7f90:   0000000019930520 000000f1933e81b0
0x000000f1933e7fa0:   00007fff88376e30 00007fff88310000
0x000000f1933e7fb0:   000000f1933e8280 000002bfc3261e00
0x000000f1933e7fc0:   000000f1933e81b0 000000f1933e8190
0x000000f1933e7fd0:   000000f1933e8050 00007fffffbc4a5f
0x000000f1933e7fe0:   0000000019930520 000002bf00000000
0x000000f1933e7ff0:   0000000000000000 00007fff8832bc3a
0x000000f1933e8000:   00007fff8837e000 00007fff88310000
0x000000f1933e8010:   000082b81c11bc6e 000002bfad085e50
0x000000f1933e8020:   00007fff88376e30 00007fffecff6480
0x000000f1933e8030:   0000000000000000 000002bfc32700d0
0x000000f1933e8040:   000000f1933e81b0 00007fff88328290 

Instructions: (pc=0x00007ffffd50cf19)
0x00007ffffd50ce19:   09 00 48 8b 84 24 b8 00 00 00 48 8b 8c 24 b0 05
0x00007ffffd50ce29:   00 00 48 33 cc e8 ed 86 06 00 48 81 c4 c0 05 00
0x00007ffffd50ce39:   00 41 5f 41 5e 41 5d 5e 5b c3 cc 48 ff 15 dd 7f
0x00007ffffd50ce49:   1b 00 0f 1f 44 00 00 eb b0 cc cc cc cc cc cc cc
0x00007ffffd50ce59:   cc cc cc cc cc cc cc 40 53 48 83 ec 30 48 8b d1
0x00007ffffd50ce69:   48 8d 4c 24 20 e8 5d 23 00 00 85 c0 74 26 48 8b
0x00007ffffd50ce79:   4c 24 28 e8 ef 38 00 00 48 8d 4c 24 20 8b d8 48
0x00007ffffd50ce89:   ff 15 e1 79 1b 00 0f 1f 44 00 00 8b c3 48 83 c4
0x00007ffffd50ce99:   30 5b c3 cc 83 c8 ff eb f4 cc cc cc cc cc cc cc
0x00007ffffd50cea9:   cc cc cc cc cc cc cc 48 81 ec d8 00 00 00 48 8b
0x00007ffffd50ceb9:   05 e2 9f 28 00 48 33 c4 48 89 84 24 c0 00 00 00
0x00007ffffd50cec9:   48 83 64 24 28 00 48 8d 05 da ff ff ff 83 e2 01
0x00007ffffd50ced9:   89 4c 24 20 89 54 24 24 48 89 44 24 30 4d 85 c9
0x00007ffffd50cee9:   74 4c b8 0f 00 00 00 48 8d 4c 24 40 44 3b c0 49
0x00007ffffd50cef9:   8b d1 44 0f 47 c0 44 89 44 24 38 49 c1 e0 03 e8
0x00007ffffd50cf09:   ea 91 08 00 48 8d 4c 24 20 48 ff 15 2f 81 1b 00
0x00007ffffd50cf19:   0f 1f 44 00 00 48 8b 8c 24 c0 00 00 00 48 33 cc
0x00007ffffd50cf29:   e8 f2 85 06 00 48 81 c4 d8 00 00 00 c3 cc 83 64
0x00007ffffd50cf39:   24 38 00 eb cf cc cc cc cc cc cc cc cc cc cc cc
0x00007ffffd50cf49:   cc cc cc cc cc cc cc 65 48 8b 04 25 30 00 00 00
0x00007ffffd50cf59:   8b 40 68 c3 cc cc cc cc cc cc cc cc cc cc cc cc
0x00007ffffd50cf69:   cc cc cc cc cc cc cc 48 89 5c 24 10 48 89 74 24
0x00007ffffd50cf79:   18 57 41 54 41 55 41 56 41 57 48 81 ec b0 02 00
0x00007ffffd50cf89:   00 48 8b 05 0f 9f 28 00 48 33 c4 48 89 84 24 a0
0x00007ffffd50cf99:   02 00 00 48 8d 15 3f e6 1b 00 48 85 c9 48 0f 45
0x00007ffffd50cfa9:   d1 48 89 94 24 80 00 00 00 48 83 c8 ff 48 ff c0
0x00007ffffd50cfb9:   80 3c 02 00 75 f7 48 ff c0 48 89 84 24 88 00 00
0x00007ffffd50cfc9:   00 48 89 94 24 90 00 00 00 4c 8d 8c 24 88 00 00
0x00007ffffd50cfd9:   00 33 d2 b9 06 00 01 40 44 8d 42 02 e8 c6 fe ff
0x00007ffffd50cfe9:   ff e9 f0 01 00 00 33 f6 48 89 74 24 60 45 33 ff
0x00007ffffd50cff9:   4c 89 7c 24 48 45 33 f6 4c 89 74 24 58 33 ff 48
0x00007ffffd50d009:   89 7c 24 50 e8 3e ff ff ff 89 44 24 40 48 39 35 


Stack slot to memory mapping:
stack at sp + 0 slots: 0x0 is NULL
stack at sp + 1 slots: 0x00007fff88376e30 points into unknown readable memory: 0x000185a000000000 | 00 00 00 00 a0 85 01 00
stack at sp + 2 slots: 0x000000f1933e81b0 is pointing into the stack for thread: 0x000002bfc1dd7000
stack at sp + 3 slots: 0x000000f1933e8190 is pointing into the stack for thread: 0x000002bfc1dd7000
stack at sp + 4 slots: 0x00000001e06d7363 is an unknown value
stack at sp + 5 slots: 0x0 is NULL
stack at sp + 6 slots: 0x00007ffffd50cf19 KERNELBASE.dll
stack at sp + 7 slots: 0x0000000000000004 is an unknown value


---------------  P R O C E S S  ---------------

Threads class SMR info:
_java_thread_list=0x000002bfc6a05d40, length=11, elements={
0x000002bfc1dd7000, 0x000002bfc1ddc800, 0x000002bfc1dd9800, 0x000002bfc1ddb000,
0x000002bfc1ddd800, 0x000002bfc1dde800, 0x000002bfc6636800, 0x000002bfc6638800,
0x000002bfc66ce800, 0x000002bfc1dd8800, 0x000002bfc1de1000
}

Java Threads: ( => current thread )
=>0x000002bfc1dd7000 JavaThread "main" [_thread_in_native, id=21256, stack(0x000000f193200000,0x000000f1933f0000)]
  0x000002bfc1ddc800 JavaThread "Reference Handler" daemon [_thread_blocked, id=25844, stack(0x000000f197460000,0x000000f197650000)]
  0x000002bfc1dd9800 JavaThread "Finalizer" daemon [_thread_blocked, id=8024, stack(0x000000f197650000,0x000000f197840000)]
  0x000002bfc1ddb000 JavaThread "Signal Dispatcher" daemon [_thread_blocked, id=6748, stack(0x000000f197840000,0x000000f197a30000)]
  0x000002bfc1ddd800 JavaThread "Attach Listener" daemon [_thread_blocked, id=9656, stack(0x000000f197a30000,0x000000f197c20000)]
  0x000002bfc1dde800 JavaThread "Service Thread" daemon [_thread_blocked, id=16724, stack(0x000000f197c20000,0x000000f197e10000)]
  0x000002bfc6636800 JavaThread "C2 CompilerThread0" daemon [_thread_blocked, id=25368, stack(0x000000f197e10000,0x000000f198000000)]
  0x000002bfc6638800 JavaThread "C1 CompilerThread0" daemon [_thread_blocked, id=7924, stack(0x000000f198000000,0x000000f1981f0000)]
  0x000002bfc66ce800 JavaThread "Sweeper thread" daemon [_thread_blocked, id=19960, stack(0x000000f1981f0000,0x000000f1983e0000)]
  0x000002bfc1dd8800 JavaThread "Common-Cleaner" daemon [_thread_blocked, id=23388, stack(0x000000f1985d0000,0x000000f1987c0000)]
  0x000002bfc1de1000 JavaThread "Python Reference Queue" daemon [_thread_blocked, id=12600, stack(0x000000f1987c0000,0x000000f1989b0000)]

Other Threads:
  0x000002bfc0362800 VMThread "VM Thread" [stack: 0x000000f197270000,0x000000f197460000] [id=13340]
  0x000002bfc6588800 WatcherThread [stack: 0x000000f1983e0000,0x000000f1985d0000] [id=22440]
  0x000002bfa12c9000 GCTaskThread "GC Thread#0" [stack: 0x000000f1968c0000,0x000000f196ab0000] [id=22724]
  0x000002bfc6b03800 GCTaskThread "GC Thread#1" [stack: 0x000000f1989b0000,0x000000f198ba0000] [id=9844]
  0x000002bfc6a92800 GCTaskThread "GC Thread#2" [stack: 0x000000f198ba0000,0x000000f198d90000] [id=1008]
  0x000002bfc6a78800 GCTaskThread "GC Thread#3" [stack: 0x000000f198d90000,0x000000f198f80000] [id=13556]
  0x000002bfc6a79000 GCTaskThread "GC Thread#4" [stack: 0x000000f198f80000,0x000000f199170000] [id=10584]
  0x000002bfc0364000 GCTaskThread "GC Thread#5" [stack: 0x000000f199170000,0x000000f199360000] [id=9480]
  0x000002bfc0360800 ConcurrentGCThread "G1 Main Marker" [stack: 0x000000f196ab0000,0x000000f196ca0000] [id=14668]
  0x000002bfc22d1000 ConcurrentGCThread "G1 Conc#0" [stack: 0x000000f196ca0000,0x000000f196e90000] [id=4336]
  0x000002bfc035b800 ConcurrentGCThread "G1 Refine#0" [stack: 0x000000f196e90000,0x000000f197080000] [id=26364]
  0x000002bfb37c9800 ConcurrentGCThread "G1 Young RemSet Sampling" [stack: 0x000000f197080000,0x000000f197270000] [id=6064]

Threads with active compile tasks:

VM state:not at safepoint (normal execution)

VM Mutex/Monitor currently owned by a thread: None

Heap address: 0x00000000c0000000, size: 1024 MB, Compressed Oops mode: 32-bit
Narrow klass base: 0x0000000000000000, Narrow klass shift: 3
Compressed class space size: 1073741824 Address: 0x0000000100000000

Heap:
 garbage-first heap   total 20480K, used 1868K [0x00000000c0000000, 0x0000000100000000)
  region size 1024K, 1 young (1024K), 0 survivors (0K)
 Metaspace       used 7106K, capacity 7256K, committed 7424K, reserved 1056768K
  class space    used 612K, capacity 669K, committed 768K, reserved 1048576K
Heap Regions: E=young(eden), S=young(survivor), O=old, HS=humongous(starts), HC=humongous(continues), CS=collection set, F=free, A=archive, TAMS=top-at-mark-start (previous, next)
|   0|0x00000000c0000000, 0x00000000c003ed78, 0x00000000c0100000| 24%| O|  |TAMS 0x00000000c0000000, 0x00000000c0000000| Untracked 
|   1|0x00000000c0100000, 0x00000000c011e520, 0x00000000c0200000| 11%| O|  |TAMS 0x00000000c0100000, 0x00000000c0100000| Untracked 
|   2|0x00000000c0200000, 0x00000000c02834c8, 0x00000000c0300000| 51%| O|  |TAMS 0x00000000c0200000, 0x00000000c0200000| Untracked 
|   3|0x00000000c0300000, 0x00000000c0300000, 0x00000000c0400000|  0%| F|  |TAMS 0x00000000c0300000, 0x00000000c0300000| Untracked 
|   4|0x00000000c0400000, 0x00000000c0400000, 0x00000000c0500000|  0%| F|  |TAMS 0x00000000c0400000, 0x00000000c0400000| Untracked 
|   5|0x00000000c0500000, 0x00000000c0500000, 0x00000000c0600000|  0%| F|  |TAMS 0x00000000c0500000, 0x00000000c0500000| Untracked 
|   6|0x00000000c0600000, 0x00000000c0600000, 0x00000000c0700000|  0%| F|  |TAMS 0x00000000c0600000, 0x00000000c0600000| Untracked 
|   7|0x00000000c0700000, 0x00000000c0700000, 0x00000000c0800000|  0%| F|  |TAMS 0x00000000c0700000, 0x00000000c0700000| Untracked 
|   8|0x00000000c0800000, 0x00000000c0800000, 0x00000000c0900000|  0%| F|  |TAMS 0x00000000c0800000, 0x00000000c0800000| Untracked 
|   9|0x00000000c0900000, 0x00000000c0900000, 0x00000000c0a00000|  0%| F|  |TAMS 0x00000000c0900000, 0x00000000c0900000| Untracked 
|  10|0x00000000c0a00000, 0x00000000c0a00000, 0x00000000c0b00000|  0%| F|  |TAMS 0x00000000c0a00000, 0x00000000c0a00000| Untracked 
|  11|0x00000000c0b00000, 0x00000000c0b00000, 0x00000000c0c00000|  0%| F|  |TAMS 0x00000000c0b00000, 0x00000000c0b00000| Untracked 
|  12|0x00000000c0c00000, 0x00000000c0c00000, 0x00000000c0d00000|  0%| F|  |TAMS 0x00000000c0c00000, 0x00000000c0c00000| Untracked 
|  13|0x00000000c0d00000, 0x00000000c0d00000, 0x00000000c0e00000|  0%| F|  |TAMS 0x00000000c0d00000, 0x00000000c0d00000| Untracked 
|  14|0x00000000c0e00000, 0x00000000c0e00000, 0x00000000c0f00000|  0%| F|  |TAMS 0x00000000c0e00000, 0x00000000c0e00000| Untracked 
|  15|0x00000000c0f00000, 0x00000000c0f00000, 0x00000000c1000000|  0%| F|  |TAMS 0x00000000c0f00000, 0x00000000c0f00000| Untracked 
|  16|0x00000000c1000000, 0x00000000c105c2e0, 0x00000000c1100000| 36%| E|  |TAMS 0x00000000c1000000, 0x00000000c1000000| Complete 
| 235|0x00000000ceb00000, 0x00000000ceb58608, 0x00000000cec00000| 34%| O|  |TAMS 0x00000000ceb00000, 0x00000000ceb00000| Untracked 
| 236|0x00000000cec00000, 0x00000000cec6aed8, 0x00000000ced00000| 41%| O|  |TAMS 0x00000000cec00000, 0x00000000cec00000| Untracked 
| 241|0x00000000cf100000, 0x00000000cf12f4c0, 0x00000000cf200000| 18%| O|  |TAMS 0x00000000cf100000, 0x00000000cf100000| Untracked 

Card table byte_map: [0x000002bfc5aa0000,0x000002bfc5ca0000] _byte_map_base: 0x000002bfc54a0000

Marking Bits (Prev, Next): (CMBitMap*) 0x000002bfbfd8fd08, (CMBitMap*) 0x000002bfbfd8fd40
 Prev Bits: [0x000002bfde710000, 0x000002bfdf710000)
 Next Bits: [0x000002bfdf710000, 0x000002bfe0710000)

Polling page: 0x000002bfc3c00000

Metaspace:

Usage:
  Non-class:      6.43 MB capacity,     6.34 MB ( 99%) used,    88.74 KB (  1%) free+waste,     4.25 KB ( <1%) overhead. 
      Class:    669.00 KB capacity,   612.34 KB ( 92%) used,    54.85 KB (  8%) free+waste,     1.81 KB ( <1%) overhead. 
       Both:      7.09 MB capacity,     6.94 MB ( 98%) used,   143.59 KB (  2%) free+waste,     6.06 KB ( <1%) overhead. 

Virtual space:
  Non-class space:        8.00 MB reserved,       6.50 MB ( 81%) committed 
      Class space:        1.00 GB reserved,     768.00 KB ( <1%) committed 
             Both:        1.01 GB reserved,       7.25 MB ( <1%) committed 

Chunk freelists:
   Non-Class:  5.00 KB
       Class:  3.00 KB
        Both:  8.00 KB

MaxMetaspaceSize: 17179869184.00 GB
CompressedClassSpaceSize: 1.00 GB
Initial GC threshold: 20.80 MB
Current GC threshold: 20.80 MB
CDS: off

CodeHeap 'non-profiled nmethods': size=120064Kb used=124Kb max_used=124Kb free=119939Kb
 bounds [0x000002bfd71d0000, 0x000002bfd7440000, 0x000002bfde710000]
CodeHeap 'profiled nmethods': size=120000Kb used=739Kb max_used=739Kb free=119260Kb
 bounds [0x000002bfcfca0000, 0x000002bfcff10000, 0x000002bfd71d0000]
CodeHeap 'non-nmethods': size=5696Kb used=1113Kb max_used=1127Kb free=4582Kb
 bounds [0x000002bfcf710000, 0x000002bfcf980000, 0x000002bfcfca0000]
 total_blobs=828 nmethods=465 adapters=276
 compilation: enabled
              stopped_count=0, restarted_count=0
 full_count=0

Compilation events (20 events):
Event: 0.208 Thread 0x000002bfc6638800 nmethod 451 0x000002bfcfd46a10 code [0x000002bfcfd46c20, 0x000002bfcfd470f8]
Event: 0.208 Thread 0x000002bfc6638800  452       3       java.util.TreeMap$Entry::<init> (25 bytes)
Event: 0.209 Thread 0x000002bfc6638800 nmethod 452 0x000002bfcfd47290 code [0x000002bfcfd47440, 0x000002bfcfd476b8]
Event: 0.209 Thread 0x000002bfc6638800  453       3       java.util.TreeMap$KeyIterator::next (8 bytes)
Event: 0.209 Thread 0x000002bfc6638800 nmethod 453 0x000002bfcfd47790 code [0x000002bfcfd47940, 0x000002bfcfd47a68]
Event: 0.209 Thread 0x000002bfc6638800  454       3       java.util.TreeMap$PrivateEntryIterator::nextEntry (54 bytes)
Event: 0.209 Thread 0x000002bfc6638800 nmethod 454 0x000002bfcfd47b10 code [0x000002bfcfd47d00, 0x000002bfcfd48068]
Event: 0.220 Thread 0x000002bfc6636800 nmethod 427 0x000002bfd71ebf10 code [0x000002bfd71ec0e0, 0x000002bfd71ec798]
Event: 0.220 Thread 0x000002bfc6636800  432       4       java.util.HashMap::putVal (300 bytes)
Event: 0.227 Thread 0x000002bfc6636800 nmethod 432 0x000002bfd71ecc90 code [0x000002bfd71ecea0, 0x000002bfd71ed720]
Event: 0.290 Thread 0x000002bfc6638800  456       3       java.lang.Class::copyMethods (36 bytes)
Event: 0.290 Thread 0x000002bfc6636800  457 %     4       java.lang.PublicMethods$MethodList::filter @ 17 (104 bytes)
Event: 0.291 Thread 0x000002bfc6638800 nmethod 456 0x000002bfcfd48190 code [0x000002bfcfd483e0, 0x000002bfcfd48db8]
Event: 0.291 Thread 0x000002bfc6638800  459       3       java.util.TreeMap::put (247 bytes)
Event: 0.291 Thread 0x000002bfc6638800 nmethod 459 0x000002bfcfd49190 code [0x000002bfcfd49480, 0x000002bfcfd4a7d8]
Event: 0.291 Thread 0x000002bfc6638800  462   !   3       java.lang.reflect.Executable::sharedToString (212 bytes)
Event: 0.292 Thread 0x000002bfc6638800 nmethod 462 0x000002bfcfd4ad90 code [0x000002bfcfd4b1c0, 0x000002bfcfd4ca38]
Event: 0.292 Thread 0x000002bfc6638800  458       3       java.util.TreeMap::setColor (10 bytes)
Event: 0.292 Thread 0x000002bfc6638800 nmethod 458 0x000002bfcfd4d610 code [0x000002bfcfd4d7c0, 0x000002bfcfd4d8d8]
Event: 0.292 Thread 0x000002bfc6638800  465       3       java.lang.String::<init> (74 bytes)

GC Heap History (2 events):
Event: 0.209 GC heap before
{Heap before GC invocations=0 (full 0):
 garbage-first heap   total 262144K, used 5120K [0x00000000c0000000, 0x0000000100000000)
  region size 1024K, 6 young (6144K), 0 survivors (0K)
 Metaspace       used 7101K, capacity 7256K, committed 7424K, reserved 1056768K
  class space    used 611K, capacity 669K, committed 768K, reserved 1048576K
}
Event: 0.215 GC heap after
{Heap after GC invocations=1 (full 1):
 garbage-first heap   total 20480K, used 1868K [0x00000000c0000000, 0x0000000100000000)
  region size 1024K, 0 young (0K), 0 survivors (0K)
 Metaspace       used 7101K, capacity 7256K, committed 7424K, reserved 1056768K
  class space    used 611K, capacity 669K, committed 768K, reserved 1048576K
}

Deoptimization events (20 events):
Event: 0.186 Thread 0x000002bfc1dd7000 Uncommon trap: trap_request=0xffffff4d fr.pc=0x000002bfd71e3898 relative=0x00000000000001d8
Event: 0.186 Thread 0x000002bfc1dd7000 Uncommon trap: reason=unstable_if action=reinterpret pc=0x000002bfd71e3898 method=java.util.HashMap.getNode(ILjava/lang/Object;)Ljava/util/HashMap$Node; @ 129 c2
Event: 0.186 Thread 0x000002bfc1dd7000 DEOPT PACKING pc=0x000002bfd71e3898 sp=0x000000f1933e4cc0
Event: 0.186 Thread 0x000002bfc1dd7000 DEOPT UNPACKING pc=0x000002bfcf75a1af sp=0x000000f1933e4c30 mode 2
Event: 0.290 Thread 0x000002bfc1dd7000 Uncommon trap: trap_request=0xffffffbe fr.pc=0x000002bfd71ec6dc relative=0x00000000000005fc
Event: 0.290 Thread 0x000002bfc1dd7000 Uncommon trap: reason=profile_predicate action=maybe_recompile pc=0x000002bfd71ec6dc method=java.lang.PublicMethods$MethodList.filter([Ljava/lang/reflect/Method;Ljava/lang/String;[Ljava/lang/Class;Z)Ljava/lang/PublicMethods$MethodList; @ 21 c2
Event: 0.290 Thread 0x000002bfc1dd7000 DEOPT PACKING pc=0x000002bfd71ec6dc sp=0x000000f1933e73e0
Event: 0.290 Thread 0x000002bfc1dd7000 DEOPT UNPACKING pc=0x000002bfcf75a1af sp=0x000000f1933e7378 mode 2
Event: 0.290 Thread 0x000002bfc1dd7000 Uncommon trap: trap_request=0xffffffbe fr.pc=0x000002bfd71ec6dc relative=0x00000000000005fc
Event: 0.290 Thread 0x000002bfc1dd7000 Uncommon trap: reason=profile_predicate action=maybe_recompile pc=0x000002bfd71ec6dc method=java.lang.PublicMethods$MethodList.filter([Ljava/lang/reflect/Method;Ljava/lang/String;[Ljava/lang/Class;Z)Ljava/lang/PublicMethods$MethodList; @ 21 c2
Event: 0.290 Thread 0x000002bfc1dd7000 DEOPT PACKING pc=0x000002bfd71ec6dc sp=0x000000f1933e73e0
Event: 0.290 Thread 0x000002bfc1dd7000 DEOPT UNPACKING pc=0x000002bfcf75a1af sp=0x000000f1933e7378 mode 2
Event: 0.290 Thread 0x000002bfc1dd7000 Uncommon trap: trap_request=0xffffffbe fr.pc=0x000002bfd71ec6dc relative=0x00000000000005fc
Event: 0.290 Thread 0x000002bfc1dd7000 Uncommon trap: reason=profile_predicate action=maybe_recompile pc=0x000002bfd71ec6dc method=java.lang.PublicMethods$MethodList.filter([Ljava/lang/reflect/Method;Ljava/lang/String;[Ljava/lang/Class;Z)Ljava/lang/PublicMethods$MethodList; @ 21 c2
Event: 0.290 Thread 0x000002bfc1dd7000 DEOPT PACKING pc=0x000002bfd71ec6dc sp=0x000000f1933e73e0
Event: 0.290 Thread 0x000002bfc1dd7000 DEOPT UNPACKING pc=0x000002bfcf75a1af sp=0x000000f1933e7378 mode 2
Event: 0.290 Thread 0x000002bfc1dd7000 Uncommon trap: trap_request=0xffffffbe fr.pc=0x000002bfd71ec6dc relative=0x00000000000005fc
Event: 0.290 Thread 0x000002bfc1dd7000 Uncommon trap: reason=profile_predicate action=maybe_recompile pc=0x000002bfd71ec6dc method=java.lang.PublicMethods$MethodList.filter([Ljava/lang/reflect/Method;Ljava/lang/String;[Ljava/lang/Class;Z)Ljava/lang/PublicMethods$MethodList; @ 21 c2
Event: 0.290 Thread 0x000002bfc1dd7000 DEOPT PACKING pc=0x000002bfd71ec6dc sp=0x000000f1933e73e0
Event: 0.290 Thread 0x000002bfc1dd7000 DEOPT UNPACKING pc=0x000002bfcf75a1af sp=0x000000f1933e7378 mode 2

Classes redefined (0 events):
No events

Internal exceptions (3 events):
Event: 0.115 Thread 0x000002bfc1dd7000 Exception <a 'java/lang/NoClassDefFoundError'{0x00000000cfd871a8}: org/jpype/classloader/DynamicClassLoader> (0x00000000cfd871a8) thrown at [./src/hotspot/share/classfile/systemDictionary.cpp, line 219]
Event: 0.158 Thread 0x000002bfc1dd7000 Exception <a 'sun/nio/fs/WindowsException'{0x00000000cfc8f318}> (0x00000000cfc8f318) thrown at [./src/hotspot/share/prims/jni.cpp, line 617]
Event: 0.158 Thread 0x000002bfc1dd7000 Exception <a 'sun/nio/fs/WindowsException'{0x00000000cfc8fb00}> (0x00000000cfc8fb00) thrown at [./src/hotspot/share/prims/jni.cpp, line 617]

Events (20 events):
Event: 0.195 loading class java/util/Spliterator
Event: 0.195 loading class java/util/Spliterator done
Event: 0.195 loading class java/util/Spliterator$OfPrimitive done
Event: 0.195 loading class java/util/Spliterator$OfInt done
Event: 0.198 loading class java/lang/Byte$ByteCache
Event: 0.198 loading class java/lang/Byte$ByteCache done
Event: 0.201 loading class java/lang/Character$CharacterCache
Event: 0.201 loading class java/lang/Character$CharacterCache done
Event: 0.201 loading class java/lang/Character$UnicodeScript
Event: 0.202 loading class java/lang/Character$UnicodeScript done
Event: 0.202 loading class java/lang/Character$UnicodeBlock
Event: 0.202 loading class java/lang/Character$Subset
Event: 0.202 loading class java/lang/Character$Subset done
Event: 0.202 loading class java/lang/Character$UnicodeBlock done
Event: 0.204 loading class java/io/ObjectStreamException
Event: 0.205 loading class java/io/ObjectStreamException done
Event: 0.209 Executing VM operation: G1CollectFull
Event: 0.215 Executing VM operation: G1CollectFull done
Event: 0.291 loading class java/lang/Short$ShortCache
Event: 0.291 loading class java/lang/Short$ShortCache done


Dynamic libraries:
0x00007ff70fa30000 - 0x00007ff70fa4c000 	c:\Python3.9.13\python.exe
0x00007fffffb90000 - 0x00007fffffd88000 	C:\Windows\SYSTEM32\ntdll.dll
0x00007fffff4c0000 - 0x00007fffff57f000 	C:\Windows\System32\KERNEL32.DLL
0x00007ffffd4e0000 - 0x00007ffffd7d6000 	C:\Windows\System32\KERNELBASE.dll
0x00007ffffdaf0000 - 0x00007ffffdbf0000 	C:\Windows\System32\ucrtbase.dll
0x00007fffa3ae0000 - 0x00007fffa3f5c000 	c:\Python3.9.13\python39.dll
0x00007fffecff0000 - 0x00007fffed00b000 	c:\Python3.9.13\VCRUNTIME140.dll
0x00007fffff620000 - 0x00007fffff68b000 	C:\Windows\System32\WS2_32.dll
0x00007ffffdbf0000 - 0x00007ffffdd16000 	C:\Windows\System32\RPCRT4.dll
0x00007ffff7720000 - 0x00007ffff772a000 	C:\Windows\SYSTEM32\VERSION.dll
0x00007fffff580000 - 0x00007fffff61e000 	C:\Windows\System32\msvcrt.dll
0x00007ffffdeb0000 - 0x00007ffffdf5f000 	C:\Windows\System32\ADVAPI32.dll
0x00007ffffdf60000 - 0x00007ffffdffc000 	C:\Windows\System32\sechost.dll
0x00007ffffcb30000 - 0x00007ffffcb48000 	C:\Windows\SYSTEM32\CRYPTSP.dll
0x00007ffffc250000 - 0x00007ffffc284000 	C:\Windows\system32\rsaenh.dll
0x00007ffffd4b0000 - 0x00007ffffd4d7000 	C:\Windows\System32\bcrypt.dll
0x00007ffffcb50000 - 0x00007ffffcb5c000 	C:\Windows\SYSTEM32\CRYPTBASE.dll
0x00007ffffd7e0000 - 0x00007ffffd862000 	C:\Windows\System32\bcryptPrimitives.dll
0x00007ffff5500000 - 0x00007ffff550f000 	c:\Python3.9.13\python3.DLL
0x00007ffff4900000 - 0x00007ffff490f400 	C:\Users\tjoeun\AppData\Roaming\Python\Python39\site-packages\zmq\backend\cython\_device.cp39-win_amd64.pyd
0x00007fffd2620000 - 0x00007fffd26a5400 	C:\Users\tjoeun\AppData\Roaming\Python\Python39\site-packages\pyzmq.libs\libzmq-v141-mt-4_3_4-0a6f51ca.dll
0x00007fffd81f0000 - 0x00007fffd823f000 	C:\Users\tjoeun\AppData\Roaming\Python\Python39\site-packages\pyzmq.libs\libsodium-ac42d648.dll
0x00007fffc5d20000 - 0x00007fffc5dbb000 	C:\Users\tjoeun\AppData\Roaming\Python\Python39\site-packages\pyzmq.libs\MSVCP140.dll
0x00007ffffc630000 - 0x00007ffffc66b000 	C:\Windows\SYSTEM32\IPHLPAPI.DLL
0x00007fffe8980000 - 0x00007fffe8991400 	C:\Users\tjoeun\AppData\Roaming\Python\Python39\site-packages\zmq\backend\cython\context.cp39-win_amd64.pyd
0x00007fffd91e0000 - 0x00007fffd9201400 	C:\Users\tjoeun\AppData\Roaming\Python\Python39\site-packages\zmq\backend\cython\socket.cp39-win_amd64.pyd
0x00007fffd7b00000 - 0x00007fffd7b17400 	C:\Users\tjoeun\AppData\Roaming\Python\Python39\site-packages\zmq\backend\cython\message.cp39-win_amd64.pyd
0x00007fffd7ae0000 - 0x00007fffd7af2400 	C:\Users\tjoeun\AppData\Roaming\Python\Python39\site-packages\zmq\backend\cython\_poll.cp39-win_amd64.pyd
0x00007ffff3960000 - 0x00007ffff396e400 	C:\Users\tjoeun\AppData\Roaming\Python\Python39\site-packages\zmq\backend\cython\_proxy_steerable.cp39-win_amd64.pyd
0x00007ffff32d0000 - 0x00007ffff32da400 	C:\Users\tjoeun\AppData\Roaming\Python\Python39\site-packages\zmq\backend\cython\_version.cp39-win_amd64.pyd
0x00007ffff2e30000 - 0x00007ffff2e3b400 	C:\Users\tjoeun\AppData\Roaming\Python\Python39\site-packages\zmq\backend\cython\error.cp39-win_amd64.pyd
0x00007ffff2de0000 - 0x00007ffff2dee400 	C:\Users\tjoeun\AppData\Roaming\Python\Python39\site-packages\zmq\backend\cython\utils.cp39-win_amd64.pyd
0x00007fffd9220000 - 0x00007fffd9236000 	c:\Python3.9.13\DLLs\_socket.pyd
0x00007fffee810000 - 0x00007fffee81a000 	c:\Python3.9.13\DLLs\select.pyd
0x00007fffd3d80000 - 0x00007fffd3da7000 	c:\Python3.9.13\DLLs\_ssl.pyd
0x00007ffffd870000 - 0x00007ffffd9ce000 	C:\Windows\System32\CRYPT32.dll
0x00007fffa3790000 - 0x00007fffa3ae0000 	c:\Python3.9.13\DLLs\libcrypto-1_1.dll
0x00007ffffef00000 - 0x00007fffff09d000 	C:\Windows\System32\USER32.dll
0x00007fffcbcf0000 - 0x00007fffcbd9d000 	c:\Python3.9.13\DLLs\libssl-1_1.dll
0x00007ffffd320000 - 0x00007ffffd342000 	C:\Windows\System32\win32u.dll
0x00007ffffe180000 - 0x00007ffffe1ac000 	C:\Windows\System32\GDI32.dll
0x00007ffffd9d0000 - 0x00007ffffdae5000 	C:\Windows\System32\gdi32full.dll
0x00007ffffd3c0000 - 0x00007ffffd45d000 	C:\Windows\System32\msvcp_win.dll
0x00007fffffb20000 - 0x00007fffffb50000 	C:\Windows\System32\IMM32.DLL
0x00007fffd1ec0000 - 0x00007fffd1ed2000 	c:\Python3.9.13\DLLs\_asyncio.pyd
0x00007fffebee0000 - 0x00007fffebeee000 	c:\Python3.9.13\DLLs\_overlapped.pyd
0x00007ffffc940000 - 0x00007ffffc9aa000 	C:\Windows\system32\mswsock.dll
0x00007fffe9270000 - 0x00007fffe9287000 	c:\Python3.9.13\DLLs\_bz2.pyd
0x00007fffd9740000 - 0x00007fffd976a000 	c:\Python3.9.13\DLLs\_lzma.pyd
0x00007fffecf10000 - 0x00007fffecf19000 	c:\Python3.9.13\DLLs\_queue.pyd
0x00007fffd7ac0000 - 0x00007fffd7ad2000 	c:\Python3.9.13\DLLs\_hashlib.pyd
0x00007fffea4e0000 - 0x00007fffea4e7000 	C:\Users\tjoeun\AppData\Roaming\Python\Python39\site-packages\tornado\speedups.pyd
0x00007fffd3d50000 - 0x00007fffd3d71000 	c:\Python3.9.13\DLLs\_ctypes.pyd
0x00007ffffdd80000 - 0x00007ffffdeaa000 	C:\Windows\System32\ole32.dll
0x00007fffff150000 - 0x00007fffff4a4000 	C:\Windows\System32\combase.dll
0x00007fffeeaf0000 - 0x00007fffeeafb000 	c:\Python3.9.13\DLLs\libffi-7.dll
0x00007ffffea70000 - 0x00007ffffeb3d000 	C:\Windows\System32\OLEAUT32.dll
0x00007fffcd980000 - 0x00007fffcd9c3000 	c:\Python3.9.13\DLLs\_decimal.pyd
0x00007fffec250000 - 0x00007fffec259000 	c:\Python3.9.13\DLLs\_uuid.pyd
0x00007ffffe1b0000 - 0x00007ffffe8f4000 	C:\Windows\System32\shell32.DLL
0x00007fffd1ef0000 - 0x00007fffd1f08000 	c:\Python3.9.13\DLLs\_sqlite3.pyd
0x00007fffaf710000 - 0x00007fffaf88c000 	c:\Python3.9.13\DLLs\sqlite3.dll
0x00007fffb80e0000 - 0x00007fffb81f4000 	c:\Python3.9.13\DLLs\unicodedata.pyd
0x00007fffd0a50000 - 0x00007fffd0a68000 	C:\Users\tjoeun\AppData\Roaming\Python\Python39\site-packages\psutil\_psutil_windows.pyd
0x00007ffffe900000 - 0x00007ffffe908000 	C:\Windows\System32\PSAPI.DLL
0x00007ffffd020000 - 0x00007ffffd06b000 	C:\Windows\SYSTEM32\POWRPROF.dll
0x00007fffdcd80000 - 0x00007fffdcdc9000 	C:\Windows\SYSTEM32\pdh.dll
0x00007ffffd000000 - 0x00007ffffd012000 	C:\Windows\SYSTEM32\UMPDC.dll
0x00007ffff8f20000 - 0x00007ffff8f34000 	C:\Windows\SYSTEM32\wtsapi32.dll
0x00007fffcd940000 - 0x00007fffcd974000 	c:\Python3.9.13\DLLs\pyexpat.pyd
0x00007fffdf210000 - 0x00007fffdf219000 	C:\Users\tjoeun\AppData\Roaming\Python\Python39\site-packages\win32\_win32sysloader.pyd
0x00007fffcfca0000 - 0x00007fffcfcc5000 	C:\Users\tjoeun\AppData\Roaming\Python\Python39\site-packages\pywin32_system32\pywintypes39.dll
0x00007fffdb8a0000 - 0x00007fffdb8ac000 	c:\Python3.9.13\VCRUNTIME140_1.dll
0x00007fffaf1c0000 - 0x00007fffaf270000 	C:\Users\tjoeun\AppData\Roaming\Python\Python39\site-packages\pywin32_system32\pythoncom39.dll
0x00007ffffb130000 - 0x00007ffffb142000 	C:\Windows\SYSTEM32\kernel.appcore.dll
0x00007ffffac60000 - 0x00007ffffacfe000 	C:\Windows\system32\uxtheme.dll
0x00007fffee380000 - 0x00007fffee56d000 	C:\Windows\SYSTEM32\urlmon.dll
0x00007fffee350000 - 0x00007fffee379000 	C:\Windows\SYSTEM32\srvcli.dll
0x00007ffffc790000 - 0x00007ffffc79c000 	C:\Windows\SYSTEM32\netutils.dll
0x00007fffef590000 - 0x00007fffef84c000 	C:\Windows\SYSTEM32\iertutil.dll
0x00007fffff0a0000 - 0x00007fffff14d000 	C:\Windows\System32\shcore.dll
0x00007fffcb5b0000 - 0x00007fffcb5d5000 	C:\Users\tjoeun\AppData\Roaming\Python\Python39\site-packages\win32\win32api.pyd
0x00007fffee620000 - 0x00007fffee62c000 	C:\Windows\SYSTEM32\secur32.dll
0x00007ffffd120000 - 0x00007ffffd152000 	C:\Windows\SYSTEM32\SSPICLI.DLL
0x00007fffcaf00000 - 0x00007fffcaf54000 	C:\Users\tjoeun\AppData\Roaming\Python\Python39\site-packages\debugpy\_vendored\pydevd\_pydevd_bundle\pydevd_cython.cp39-win_amd64.pyd
0x00007fffff4b0000 - 0x00007fffff4b8000 	C:\Windows\System32\NSI.dll
0x00007ffff6de0000 - 0x00007ffff6df7000 	C:\Windows\SYSTEM32\dhcpcsvc6.DLL
0x00007ffff7750000 - 0x00007ffff776d000 	C:\Windows\SYSTEM32\dhcpcsvc.DLL
0x00007ffffc670000 - 0x00007ffffc73a000 	C:\Windows\SYSTEM32\DNSAPI.dll
0x00007fff989c0000 - 0x00007fff9a86f000 	c:\Python3.9.13\lib\site-packages\numpy\.libs\libopenblas64__v0.3.21-gcc_10_3_0.dll
0x00007fffa34c0000 - 0x00007fffa378a000 	c:\Python3.9.13\lib\site-packages\numpy\core\_multiarray_umath.cp39-win_amd64.pyd
0x00007ffff4920000 - 0x00007ffff4935000 	c:\Python3.9.13\lib\site-packages\numpy\core\_multiarray_tests.cp39-win_amd64.pyd
0x00007fffeeb90000 - 0x00007fffeebae000 	c:\Python3.9.13\lib\site-packages\numpy\linalg\_umath_linalg.cp39-win_amd64.pyd
0x00007fffec3c0000 - 0x00007fffec3e0000 	c:\Python3.9.13\lib\site-packages\numpy\fft\_pocketfft_internal.cp39-win_amd64.pyd
0x00007fffec330000 - 0x00007fffec3c0000 	c:\Python3.9.13\lib\site-packages\numpy\random\mtrand.cp39-win_amd64.pyd
0x00007fffec300000 - 0x00007fffec326000 	c:\Python3.9.13\lib\site-packages\numpy\random\bit_generator.cp39-win_amd64.pyd
0x00007fffec2c0000 - 0x00007fffec2f1000 	c:\Python3.9.13\lib\site-packages\numpy\random\_common.cp39-win_amd64.pyd
0x00007fffec280000 - 0x00007fffec2c0000 	c:\Python3.9.13\lib\site-packages\numpy\random\_bounded_integers.cp39-win_amd64.pyd
0x00007fffec260000 - 0x00007fffec275000 	c:\Python3.9.13\lib\site-packages\numpy\random\_mt19937.cp39-win_amd64.pyd
0x00007fffce720000 - 0x00007fffce734000 	c:\Python3.9.13\lib\site-packages\numpy\random\_philox.cp39-win_amd64.pyd
0x00007fffce6b0000 - 0x00007fffce6c7000 	c:\Python3.9.13\lib\site-packages\numpy\random\_pcg64.cp39-win_amd64.pyd
0x00007ffff85c0000 - 0x00007ffff85d0000 	c:\Python3.9.13\lib\site-packages\numpy\random\_sfc64.cp39-win_amd64.pyd
0x00007fffb50f0000 - 0x00007fffb5196000 	c:\Python3.9.13\lib\site-packages\numpy\random\_generator.cp39-win_amd64.pyd
0x00007fff8eb90000 - 0x00007fff8ec78000 	c:\Python3.9.13\lib\site-packages\pandas\_libs\interval.cp39-win_amd64.pyd
0x00007fff8ea20000 - 0x00007fff8eb8c000 	c:\Python3.9.13\lib\site-packages\pandas\_libs\hashtable.cp39-win_amd64.pyd
0x00007fff93620000 - 0x00007fff93649000 	c:\Python3.9.13\lib\site-packages\pandas\_libs\missing.cp39-win_amd64.pyd
0x00007fff93500000 - 0x00007fff9351d000 	c:\Python3.9.13\lib\site-packages\pandas\_libs\tslibs\dtypes.cp39-win_amd64.pyd
0x00007fff934e0000 - 0x00007fff934fc000 	c:\Python3.9.13\lib\site-packages\pandas\_libs\tslibs\np_datetime.cp39-win_amd64.pyd
0x00007fff934b0000 - 0x00007fff934dc000 	c:\Python3.9.13\lib\site-packages\pandas\_libs\tslibs\conversion.cp39-win_amd64.pyd
0x00007fffd81e0000 - 0x00007fffd81ed000 	c:\Python3.9.13\lib\site-packages\pandas\_libs\tslibs\base.cp39-win_amd64.pyd
0x00007fff8e970000 - 0x00007fff8ea14000 	c:\Python3.9.13\lib\site-packages\pandas\_libs\tslibs\offsets.cp39-win_amd64.pyd
0x00007fff93440000 - 0x00007fff934a9000 	c:\Python3.9.13\lib\site-packages\pandas\_libs\tslibs\timestamps.cp39-win_amd64.pyd
0x00007fff8e940000 - 0x00007fff8e96f000 	c:\Python3.9.13\lib\site-packages\pandas\_libs\tslibs\nattype.cp39-win_amd64.pyd
0x00007fff8e740000 - 0x00007fff8e7a7000 	c:\Python3.9.13\lib\site-packages\pandas\_libs\tslibs\timedeltas.cp39-win_amd64.pyd
0x00007fff8e910000 - 0x00007fff8e93f000 	c:\Python3.9.13\lib\site-packages\pandas\_libs\tslibs\timezones.cp39-win_amd64.pyd
0x00007fffd79b0000 - 0x00007fffd79be000 	c:\Python3.9.13\DLLs\_zoneinfo.pyd
0x000002bfa0890000 - 0x000002bfa0893000 	C:\Windows\SYSTEM32\tzres.dll
0x00007fff8e700000 - 0x00007fff8e73c000 	c:\Python3.9.13\lib\site-packages\pandas\_libs\tslibs\fields.cp39-win_amd64.pyd
0x00007fffd3d40000 - 0x00007fffd3d4f000 	c:\Python3.9.13\lib\site-packages\pandas\_libs\tslibs\ccalendar.cp39-win_amd64.pyd
0x00007fff8e6c0000 - 0x00007fff8e6f8000 	c:\Python3.9.13\lib\site-packages\pandas\_libs\tslibs\tzconversion.cp39-win_amd64.pyd
0x00007fff93080000 - 0x00007fff93091000 	c:\Python3.9.13\lib\site-packages\pandas\_libs\properties.cp39-win_amd64.pyd
0x00007fff8e670000 - 0x00007fff8e6b8000 	c:\Python3.9.13\lib\site-packages\pandas\_libs\tslibs\parsing.cp39-win_amd64.pyd
0x00007fff8e630000 - 0x00007fff8e669000 	c:\Python3.9.13\lib\site-packages\pandas\_libs\tslibs\strptime.cp39-win_amd64.pyd
0x00007fff8e5d0000 - 0x00007fff8e624000 	c:\Python3.9.13\lib\site-packages\pandas\_libs\tslibs\period.cp39-win_amd64.pyd
0x00007fff8e5a0000 - 0x00007fff8e5ca000 	c:\Python3.9.13\lib\site-packages\pandas\_libs\tslibs\vectorized.cp39-win_amd64.pyd
0x00007fffd3ab0000 - 0x00007fffd3abf000 	c:\Python3.9.13\lib\site-packages\pandas\_libs\ops_dispatch.cp39-win_amd64.pyd
0x00007fff8e210000 - 0x00007fff8e394000 	c:\Python3.9.13\lib\site-packages\pandas\_libs\algos.cp39-win_amd64.pyd
0x00007fff8e440000 - 0x00007fff8e4b9000 	c:\Python3.9.13\lib\site-packages\pandas\_libs\lib.cp39-win_amd64.pyd

dbghelp: loaded successfully - version: 4.0.5 - missing functions: none
symbol engine: initialized successfully - sym options: 0x614 - pdb path: .;c:\Python3.9.13;C:\Windows\SYSTEM32;C:\Users\tjoeun\AppData\Roaming\Python\Python39\site-packages\zmq\backend\cython;C:\Users\tjoeun\AppData\Roaming\Python\Python39\site-packages\pyzmq.libs;c:\Python3.9.13\DLLs;C:\Users\tjoeun\AppData\Roaming\Python\Python39\site-packages\tornado;C:\Users\tjoeun\AppData\Roaming\Python\Python39\site-packages\psutil;C:\Users\tjoeun\AppData\Roaming\Python\Python39\site-packages\win32;C:\Users\tjoeun\AppData\Roaming\Python\Python39\site-packages\pywin32_system32;C:\Users\tjoeun\AppData\Roaming\Python\Python39\site-packages\debugpy\_vendored\pydevd\_pydevd_bundle;c:\Python3.9.13\lib\site-packages\numpy\.libs;c:\Python3.9.13\lib\site-packages\numpy\core;c:\Python3.9.13\lib\site-packages\numpy\linalg;c:\Python3.9.13\lib\site-packages\numpy\fft;c:\Python3.9.13\lib\site-packages\numpy\random;c:\Python3.9.13\lib\site-packages\pandas\_libs;c:\Python3.9.13\lib\site-packages\pandas\_libs\tslibs;c:\Python3.9.13\lib\site-packages\pyarrow;c:\Python3.9.13\lib\site-packages\pandas\_libs\window;c:\Python3.9.13\lib\site-packages\tensorflow\python;C:\Program Files\NVIDIA GPU Computing Toolkit\CUDA\v11.7\bin;c:\Python3.9.13\lib\site-packages\google\protobuf\internal;c:\Python3.9.13\lib\site-packages\google\protobuf\pyext;c:\Python3.9.13\lib\site-packages\tensorflow\python\platform;c:\Python3.9.13\lib\site-packages\tensorflow\python\client;c:\Python3.9.13\lib\site-packages\tensorflow\python\util;c:\Python3.9.13\lib\site-packages\wrapt;c:\Python3.9.13\lib\site-packages\tensorflow\python\framework;c:\Python3.9.13\lib\site-packages\tensorflow\python\lib\core;c:\Python3.9.13\lib\site-packages\tensorflow\python\profiler\internal;c:\Python3.9.13\lib\site-packages\tensorflow\python\data\experimental\service;c:\Python3.9.13\lib\site-packages\tensorflow\python\lib\io;c:\Python3.9.13\lib\site-packages\tensorflow\python\saved_model;c:\Python3.9.13\lib\site-packages\tensorflow\compiler\tf2tensorrt;c:\Python3.9.13\lib\site-packages\tensorflow\python\grappler;c:\Python3.9.13\lib\site-packages\charset_normalizer;c:\Python3.9.13\lib\site-packages\h5py;c:\Python3.9.13\lib\site-packages\scipy\_lib;c:\Python3.9.13\lib\site-packages\scipy\sparse;c:\Python3.9.13\lib\site-packages\scipy\sparse\linalg\_isolve;c:\Python3.9.13\lib\site-packages\scipy.libs;c:\Python3.9.13\lib\site-packages\scipy\linalg;c:\Python3.9.13\lib\site-packages\scipy\sparse\linalg\_dsolve;c:\Python3.9.13\lib\site-packages\scipy\sparse\linalg\_eigen\arpack;c:\Python3.9.13\lib\site-packages\scipy\sparse\csgraph;c:\Python3.9.13\lib\site-packages\tensorflow\lite\python\metrics;c:\Python3.9.13\lib\site-packages\tensorflow\lite\experimental\microfrontend\python\ops;c:\Python3.9.13\lib\site-packages\tensorflow\lite\python\interpreter_wrapper;c:\Python3.9.13\lib\site-packages\tensorflow\lite\python\analyzer_wrapper;c:\Python3.9.13\lib\site-packages\PIL;c:\Python3.9.13\lib\site-packages\scipy\ndimage;c:\Python3.9.13\lib\site-packages\scipy\special;c:\Python3.9.13\lib\site-packages\sklearn\.libs;c:\Python3.9.13\lib\site-packages\sklearn\__check_build;c:\Python3.9.13\lib\site-packages\sklearn\utils;c:\Python3.9.13\lib\site-packages\scipy\spatial;c:\Python3.9.13\lib\site-packages\scipy\spatial\transform;c:\Python3.9.13\lib\site-packages\scipy\optimize;c:\Python3.9.13\lib\site-packages\scipy\optimize\_trlib;c:\Python3.9.13\lib\site-packages\scipy\optimize\_lsq;c:\Python3.9.13\lib\site-packages\scipy\optimize\_highs;c:\Python3.9.13\lib\site-packages\scipy\integrate;c:\Python3.9.13\lib\site-packages\scipy\stats;c:\Python3.9.13\lib\site-packages\scipy\stats\_boost;c:\Python3.9.13\lib\site-packages\scipy\interpolate;c:\Python3.9.13\lib\site-packages\scipy\stats\_levy_stable;c:\Python3.9.13\lib\site-packages\scipy\_lib\_uarray;c:\Python3.9.13\lib\site-packages\scipy\fft\_pocketfft;c:\Python3.9.13\lib\site-packages\scipy\stats\_rcont;c:\Python3.9.13\lib\site-packages\sklearn\preprocessing;c:\Python3.9.13\lib\site-packages\sklearn\neighbors;c:\Python3.9.13\lib\site-packages\sklearn\metrics;c:\Python3.9.13\lib\site-packages\sklearn\metrics\cluster;c:\Python3.9.13\lib\site-packages\sklearn\decomposition;c:\Python3.9.13\lib\site-packages\sklearn\linear_model;c:\Python3.9.13\lib\site-packages\sklearn\svm;c:\Python3.9.13\lib\site-packages\sklearn;c:\Python3.9.13\lib\site-packages\sklearn\manifold;c:\Python3.9.13\lib\site-packages\sklearn\tree;c:\Python3.9.13\lib\site-packages\sklearn\cluster;c:\Python3.9.13\lib\site-packages\sklearn\ensemble;c:\Python3.9.13\lib\site-packages\sklearn\ensemble\_hist_gradient_boosting;c:\Python3.9.13\lib\site-packages;C:\Program Files\Amazon Corretto\jdk11.0.18_10\bin\server;C:\Program Files\Amazon Corretto\jdk11.0.18_10\bin

VM Arguments:
jvm_args: -Dfile.encoding=UTF8 -ea -Xmx1024m 
java_command: <unknown>
java_class_path (initial): C:\Python3.9.13\Lib\site-packages\konlpy\java;C:\Python3.9.13\Lib\site-packages\konlpy\java\bin;C:\Python3.9.13\Lib\site-packages\konlpy\java\aho-corasick.jar;C:\Python3.9.13\Lib\site-packages\konlpy\java\jhannanum-0.8.4.jar;C:\Python3.9.13\Lib\site-packages\konlpy\java\kkma-2.0.jar;C:\Python3.9.13\Lib\site-packages\konlpy\java\komoran-3.0.jar;C:\Python3.9.13\Lib\site-packages\konlpy\java\open-korean-text-2.1.0.jar;C:\Python3.9.13\Lib\site-packages\konlpy\java\scala-library-2.12.3.jar;C:\Python3.9.13\Lib\site-packages\konlpy\java\shineware-common-1.0.jar;C:\Python3.9.13\Lib\site-packages\konlpy\java\shineware-ds-1.0.jar;C:\Python3.9.13\Lib\site-packages\konlpy\java\snakeyaml-1.12.jar;C:\Python3.9.13\Lib\site-packages\konlpy\java\twitter-text-1.14.7.jar;C:\Python3.9.13\Lib\site-packages\konlpy\java\jhannanum-0.8.4.jar;C:\Python3.9.13\Lib\site-packages\konlpy\java\kkma-2.0.jar;C:\Python3.9.13\Lib\site-packages\konlpy\java\aho-corasick.jar;C:\Python3.9.13\Lib\site-packages\konlpy\java\shineware-common-1.0.jar;C:\Python3.9.13\Lib\site-packages\konlpy\java\shineware-ds-1.0.jar;C:\Python3.9.13\Lib\site-packages\konlpy\java\komoran-3.0.jar;C:\Python3.9.13\Lib\site-packages\konlpy\java\snakeyaml-1.12.jar;C:\Python3.9.13\Lib\site-packages\konlpy\java\scala-library-2.12.3.jar;C:\Python3.9.13\Lib\site-packages\konlpy\java\open-korean-text-2.1.0.jar;C:\Python3.9.13\Lib\site-packages\konlpy\java\twitter-text-1.14.7.jar;C:\Python3.9.13\Lib\site-packages\konlpy\java\aho-corasick.jar;C:\Python3.9.13\Lib\site-packages\konlpy\java\jhannanum-0.8.4.jar;C:\Python3.9.13\Lib\site-packages\konlpy\java\kkma-2.0.jar;C:\Python3.9.13\Lib\site-packages\konlpy\java\komoran-3.0.jar;C:\Python3.9.13\Lib\site-packages\konlpy\java\open-korean-text-2.1.0.jar;C:\Python3.9.13\Lib\site-packages\konlpy\java\scala-library-2.12.3.jar;C:\Python3.9.13\Lib\site-packages\konlpy\java\shineware-common-1.0.jar;C:\Python3.9.13\Lib\site-packages\konlpy\java\shineware-ds-1.0.jar;C:\Python
Launcher Type: generic

[Global flags]
     intx CICompilerCount                          = 3                                         {product} {ergonomic}
     uint ConcGCThreads                            = 2                                         {product} {ergonomic}
     uint G1ConcRefinementThreads                  = 6                                         {product} {ergonomic}
   size_t G1HeapRegionSize                         = 1048576                                   {product} {ergonomic}
    uintx GCDrainStackTargetSize                   = 64                                        {product} {ergonomic}
   size_t InitialHeapSize                          = 268435456                                 {product} {ergonomic}
   size_t MarkStackSize                            = 4194304                                   {product} {ergonomic}
   size_t MaxHeapSize                              = 1073741824                                {product} {command line}
   size_t MaxNewSize                               = 643825664                                 {product} {ergonomic}
   size_t MinHeapDeltaBytes                        = 1048576                                   {product} {ergonomic}
    uintx NonNMethodCodeHeapSize                   = 5830732                                {pd product} {ergonomic}
    uintx NonProfiledCodeHeapSize                  = 122913754                              {pd product} {ergonomic}
    uintx ProfiledCodeHeapSize                     = 122913754                              {pd product} {ergonomic}
    uintx ReservedCodeCacheSize                    = 251658240                              {pd product} {ergonomic}
     bool SegmentedCodeCache                       = true                                      {product} {ergonomic}
     bool UseCompressedClassPointers               = true                                 {lp64_product} {ergonomic}
     bool UseCompressedOops                        = true                                 {lp64_product} {ergonomic}
     bool UseG1GC                                  = true                                      {product} {ergonomic}
     bool UseLargePagesIndividualAllocation        = false                                  {pd product} {ergonomic}

Logging:
Log output configuration:
 #0: stdout all=warning uptime,level,tags
 #1: stderr all=off uptime,level,tags

Environment Variables:
JAVA_HOME=C:\Program Files\Amazon Corretto\jdk11.0.18_10
PATH=c:\Python3.9.13;c:\Users\tjoeun\AppData\Roaming\Python\Python39\Scripts;C:\app\tjoeun\product\21c\dbhomeXE\bin;C:\Program Files\NVIDIA GPU Computing Toolkit\CUDA\v11.7\bin;C:\Program Files\NVIDIA GPU Computing Toolkit\CUDA\v11.7\libnvvp;C:\Program Files\Amazon Corretto\jdk11.0.18_10\bin;C:\Program Files\Microsoft\jdk-17.0.6.10-hotspot\bin;C:\Program Files (x86)\Common Files\Oracle\Java\javapath;C:\Windows\system32;C:\Windows;C:\Windows\System32\Wbem;C:\Windows\System32\WindowsPowerShell\v1.0\;C:\Windows\System32\OpenSSH\;C:\Program Files\Git\cmd;C:\Program Files\Calibre2\;C:\Python3.9.13;C:\Python3.9.13\Scripts;C:\Program Files\Graphviz\bin;C:\Program Files\NVIDIA Corporation\Nsight Compute 2022.2.1\;C:\Program Files (x86)\NVIDIA Corporation\PhysX\Common;C:\Program Files\NVIDIA Corporation\NVIDIA NvDLISR;C:\Program Files\NVIDIA GPU Computing Toolkit\CUDA\v11.7\include;C:\Program Files\NVIDIA GPU Computing Toolkit\CUDA\v11.7\lib;C:\Users\tjoeun\AppData\Local\Microsoft\WindowsApps;C:\Program Files\JetBrains\PyCharm Community Edition 2022.3.2\bin;;C:\Users\tjoeun\AppData\Local\Programs\Microsoft VS Code\bin;C:\venvs\;;C:\app\tjoeun\product\21c\dbhomeXE\bin;C:\Program Files\NVIDIA GPU Computing Toolkit\CUDA\v11.7\bin;C:\Program Files\NVIDIA GPU Computing Toolkit\CUDA\v11.7\libnvvp;C:\Program Files\Amazon Corretto\jdk11.0.18_10\bin;C:\Program Files\Microsoft\jdk-17.0.6.10-hotspot\bin;C:\Program Files (x86)\Common Files\Oracle\Java\javapath;C:\Windows\system32;C:\Windows;C:\Windows\System32\Wbem;C:\Windows\System32\WindowsPowerShell\v1.0\;C:\Windows\System32\OpenSSH\;C:\Program Files\Git\cmd;C:\Program Files\Calibre2\;C:\Python3.9.13;C:\Python3.9.13\Scripts;C:\Program Files\Graphviz\bin;C:\Program Files\NVIDIA Corporation\Nsight Compute 2022.2.1\;C:\Program Files (x86)\NVIDIA Corporation\PhysX\Common;C:\Program Files\NVIDIA Corporation\NVIDIA NvDLISR;C:\Program Files\NVIDIA GPU Computing Toolkit\CUDA\v11.7\include;C:\Program Files\NVIDIA GPU Computing Toolkit\CUDA\v11.7
USERNAME=tjoeun
TERM=xterm-color
OS=Windows_NT
PROCESSOR_IDENTIFIER=Intel64 Family 6 Model 158 Stepping 10, GenuineIntel
TMP=C:\Users\tjoeun\AppData\Local\Temp
TEMP=C:\Users\tjoeun\AppData\Local\Temp



---------------  S Y S T E M  ---------------

OS: Windows 10 , 64 bit Build 19041 (10.0.19041.3155)
OS uptime: 5 days 23:20 hours

CPU:total 6 (initial active 6) (6 cores per cpu, 1 threads per core) family 6 model 158 stepping 10 microcode 0xb4, cmov, cx8, fxsr, mmx, sse, sse2, sse3, ssse3, sse4.1, sse4.2, popcnt, avx, avx2, aes, clmul, erms, 3dnowpref, lzcnt, tsc, tscinvbit, bmi1, bmi2, adx, fma

Memory: 4k page, system-wide physical 16326M (7868M free)
TotalPageFile size 25363M (AvailPageFile size 5132M)
current process WorkingSet (physical memory assigned to process): 416M, peak: 429M
current process commit charge ("private bytes"): 958M, peak: 1221M

vm_info: OpenJDK 64-Bit Server VM (11.0.18+10-LTS) for windows-amd64 JRE (11.0.18+10-LTS), built on Jan 10 2023 20:17:52 by "Administrator" with MS VC++ 15.9 (VS2017)

END.
